Tue Jan 28 14:45:18 2020
Create Relation ADR_CONTROL
Create Relation ADR_INVALIDATION
Create Relation INC_METER_IMPT_DEF
Create Relation INC_METER_PK_IMPTS
Directory does not exist for read/write [/usr/lib/oracle/12.1/client64/lib/log] []
Tue Jan 28 14:47:40 2020
Directory does not exist for read/write [/usr/lib/oracle/12.1/client64/lib/log] []
Tue Jan 28 14:50:07 2020
Directory does not exist for read/write [/usr/lib/oracle/12.1/client64/lib/log] []
Tue Jan 28 14:53:09 2020
Directory does not exist for read/write [/usr/lib/oracle/12.1/client64/lib/log] []
Tue Jan 28 14:55:35 2020
Directory does not exist for read/write [/usr/lib/oracle/12.1/client64/lib/log] []
Tue Jan 28 15:03:07 2020
Directory does not exist for read/write [/usr/lib/oracle/12.1/client64/lib/log] []
Tue Jan 28 15:26:44 2020
Directory does not exist for read/write [/usr/lib/oracle/12.1/client64/lib/log] []
Tue Jan 28 15:38:40 2020
Directory does not exist for read/write [/usr/lib/oracle/12.1/client64/lib/log] []
Tue Jan 28 15:45:26 2020
Directory does not exist for read/write [/usr/lib/oracle/12.1/client64/lib/log] []
Tue Jan 28 15:49:54 2020
Directory does not exist for read/write [/usr/lib/oracle/12.1/client64/lib/log] []
Tue Jan 28 15:54:11 2020
Directory does not exist for read/write [/usr/lib/oracle/12.1/client64/lib/log] []
Tue Jan 28 16:45:25 2020
Directory does not exist for read/write [/usr/lib/oracle/12.1/client64/lib/log] []
Tue Jan 28 16:55:48 2020
Directory does not exist for read/write [/usr/lib/oracle/12.1/client64/lib/log] []
Tue Jan 28 17:01:57 2020
Directory does not exist for read/write [/usr/lib/oracle/12.1/client64/lib/log] []
Tue Jan 28 17:25:28 2020
Directory does not exist for read/write [/usr/lib/oracle/12.1/client64/lib/log] []
Tue Jan 28 17:28:10 2020
Directory does not exist for read/write [/usr/lib/oracle/12.1/client64/lib/log] []
Tue Jan 28 17:52:56 2020
Directory does not exist for read/write [/usr/lib/oracle/12.1/client64/lib/log] []
Tue Jan 28 17:55:02 2020
Directory does not exist for read/write [/usr/lib/oracle/12.1/client64/lib/log] []
Tue Jan 28 18:03:04 2020
Directory does not exist for read/write [/usr/lib/oracle/12.1/client64/lib/log] []
Tue Jan 28 18:22:24 2020
Directory does not exist for read/write [/usr/lib/oracle/12.1/client64/lib/log] []
Tue Jan 28 18:43:37 2020
Directory does not exist for read/write [/usr/lib/oracle/12.1/client64/lib/log] []
Tue Jan 28 18:51:02 2020
Directory does not exist for read/write [/usr/lib/oracle/12.1/client64/lib/log] []
Tue Jan 28 19:10:52 2020
Directory does not exist for read/write [/usr/lib/oracle/12.1/client64/lib/log] []
Tue Jan 28 19:13:49 2020
Directory does not exist for read/write [/usr/lib/oracle/12.1/client64/lib/log] []
Tue Jan 28 19:16:54 2020
Directory does not exist for read/write [/usr/lib/oracle/12.1/client64/lib/log] []
Tue Jan 28 19:21:31 2020
Directory does not exist for read/write [/usr/lib/oracle/12.1/client64/lib/log] []
Tue Jan 28 19:31:14 2020
Directory does not exist for read/write [/usr/lib/oracle/12.1/client64/lib/log] []
Tue Jan 28 19:44:15 2020
Directory does not exist for read/write [/usr/lib/oracle/12.1/client64/lib/log] []
Tue Jan 28 19:56:41 2020
Directory does not exist for read/write [/usr/lib/oracle/12.1/client64/lib/log] []
Tue Jan 28 20:37:18 2020
Directory does not exist for read/write [/usr/lib/oracle/12.1/client64/lib/log] []
Tue Jan 28 21:07:24 2020
Directory does not exist for read/write [/usr/lib/oracle/12.1/client64/lib/log] []
Tue Jan 28 21:07:25 2020
Directory does not exist for read/write [/usr/lib/oracle/12.1/client64/lib/log] []
Tue Jan 28 21:44:54 2020
Directory does not exist for read/write [/usr/lib/oracle/12.1/client64/lib/log] []
Tue Jan 28 21:47:16 2020
Directory does not exist for read/write [/usr/lib/oracle/12.1/client64/lib/log] []
Tue Jan 28 22:07:22 2020
Directory does not exist for read/write [/usr/lib/oracle/12.1/client64/lib/log] []
Tue Jan 28 22:19:31 2020
Directory does not exist for read/write [/usr/lib/oracle/12.1/client64/lib/log] []
Tue Jan 28 22:34:07 2020
Directory does not exist for read/write [/usr/lib/oracle/12.1/client64/lib/log] []
Tue Jan 28 22:49:13 2020
Directory does not exist for read/write [/usr/lib/oracle/12.1/client64/lib/log] []
Tue Jan 28 22:55:33 2020
Directory does not exist for read/write [/usr/lib/oracle/12.1/client64/lib/log] []
Tue Jan 28 23:07:37 2020
Directory does not exist for read/write [/usr/lib/oracle/12.1/client64/lib/log] []
Tue Jan 28 23:56:15 2020
Directory does not exist for read/write [/usr/lib/oracle/12.1/client64/lib/log] []
Wed Jan 29 00:01:45 2020
Directory does not exist for read/write [/usr/lib/oracle/12.1/client64/lib/log] []
Wed Jan 29 00:14:44 2020
Directory does not exist for read/write [/usr/lib/oracle/12.1/client64/lib/log] []
Wed Jan 29 00:17:03 2020
Directory does not exist for read/write [/usr/lib/oracle/12.1/client64/lib/log] []
Wed Jan 29 00:27:25 2020
Directory does not exist for read/write [/usr/lib/oracle/12.1/client64/lib/log] []
Wed Jan 29 00:31:51 2020
Directory does not exist for read/write [/usr/lib/oracle/12.1/client64/lib/log] []
Wed Jan 29 00:38:59 2020
Directory does not exist for read/write [/usr/lib/oracle/12.1/client64/lib/log] []
Wed Jan 29 00:41:48 2020
Directory does not exist for read/write [/usr/lib/oracle/12.1/client64/lib/log] []
Wed Jan 29 00:43:13 2020
Directory does not exist for read/write [/usr/lib/oracle/12.1/client64/lib/log] []
Wed Jan 29 00:44:10 2020
Directory does not exist for read/write [/usr/lib/oracle/12.1/client64/lib/log] []
Wed Jan 29 00:45:18 2020
Directory does not exist for read/write [/usr/lib/oracle/12.1/client64/lib/log] []
Wed Jan 29 00:46:37 2020
Directory does not exist for read/write [/usr/lib/oracle/12.1/client64/lib/log] []
Wed Jan 29 00:48:11 2020
Directory does not exist for read/write [/usr/lib/oracle/12.1/client64/lib/log] []
Wed Jan 29 00:53:18 2020
Directory does not exist for read/write [/usr/lib/oracle/12.1/client64/lib/log] []
Wed Jan 29 01:00:44 2020
Directory does not exist for read/write [/usr/lib/oracle/12.1/client64/lib/log] []
Wed Jan 29 01:08:11 2020
Directory does not exist for read/write [/usr/lib/oracle/12.1/client64/lib/log] []
Wed Jan 29 01:11:29 2020
Directory does not exist for read/write [/usr/lib/oracle/12.1/client64/lib/log] []
Wed Jan 29 01:22:07 2020
Directory does not exist for read/write [/usr/lib/oracle/12.1/client64/lib/log] []
Wed Jan 29 01:28:38 2020
Directory does not exist for read/write [/usr/lib/oracle/12.1/client64/lib/log] []
Wed Jan 29 01:34:43 2020
Directory does not exist for read/write [/usr/lib/oracle/12.1/client64/lib/log] []
Wed Jan 29 01:44:38 2020
Directory does not exist for read/write [/usr/lib/oracle/12.1/client64/lib/log] []
Wed Jan 29 01:45:31 2020
Directory does not exist for read/write [/usr/lib/oracle/12.1/client64/lib/log] []
Wed Jan 29 01:47:22 2020
Directory does not exist for read/write [/usr/lib/oracle/12.1/client64/lib/log] []
Wed Jan 29 01:49:19 2020
Directory does not exist for read/write [/usr/lib/oracle/12.1/client64/lib/log] []
Wed Jan 29 01:52:05 2020
Directory does not exist for read/write [/usr/lib/oracle/12.1/client64/lib/log] []
Wed Jan 29 01:56:56 2020
Directory does not exist for read/write [/usr/lib/oracle/12.1/client64/lib/log] []
Wed Jan 29 01:58:54 2020
Directory does not exist for read/write [/usr/lib/oracle/12.1/client64/lib/log] []
Wed Jan 29 02:04:37 2020
Directory does not exist for read/write [/usr/lib/oracle/12.1/client64/lib/log] []
Wed Jan 29 02:09:08 2020
Directory does not exist for read/write [/usr/lib/oracle/12.1/client64/lib/log] []
Wed Jan 29 02:10:34 2020
Directory does not exist for read/write [/usr/lib/oracle/12.1/client64/lib/log] []
Wed Jan 29 02:24:05 2020
Directory does not exist for read/write [/usr/lib/oracle/12.1/client64/lib/log] []
Wed Jan 29 02:25:35 2020
Directory does not exist for read/write [/usr/lib/oracle/12.1/client64/lib/log] []
Wed Jan 29 02:29:07 2020
Directory does not exist for read/write [/usr/lib/oracle/12.1/client64/lib/log] []
Wed Jan 29 02:30:29 2020
Directory does not exist for read/write [/usr/lib/oracle/12.1/client64/lib/log] []
Wed Jan 29 02:32:30 2020
Directory does not exist for read/write [/usr/lib/oracle/12.1/client64/lib/log] []
Wed Jan 29 02:34:38 2020
Directory does not exist for read/write [/usr/lib/oracle/12.1/client64/lib/log] []
Wed Jan 29 02:36:00 2020
Directory does not exist for read/write [/usr/lib/oracle/12.1/client64/lib/log] []
Wed Jan 29 02:36:52 2020
Directory does not exist for read/write [/usr/lib/oracle/12.1/client64/lib/log] []
Wed Jan 29 02:41:59 2020
Directory does not exist for read/write [/usr/lib/oracle/12.1/client64/lib/log] []
Wed Jan 29 02:54:44 2020
Directory does not exist for read/write [/usr/lib/oracle/12.1/client64/lib/log] []
Wed Jan 29 03:17:36 2020
Directory does not exist for read/write [/usr/lib/oracle/12.1/client64/lib/log] []
Wed Jan 29 03:19:25 2020
Directory does not exist for read/write [/usr/lib/oracle/12.1/client64/lib/log] []
Wed Jan 29 03:35:11 2020
Directory does not exist for read/write [/usr/lib/oracle/12.1/client64/lib/log] []
Wed Jan 29 03:48:38 2020
Wed Jan 29 03:48:38 2020
Directory does not exist for read/write [/usr/lib/oracle/12.1/client64/lib/log] []
Directory does not exist for read/write [/usr/lib/oracle/12.1/client64/lib/log] []
Wed Jan 29 05:57:45 2020
Directory does not exist for read/write [/usr/lib/oracle/12.1/client64/lib/log] []
Wed Jan 29 06:35:36 2020
Directory does not exist for read/write [/usr/lib/oracle/12.1/client64/lib/log] []
Wed Jan 29 06:40:30 2020
Directory does not exist for read/write [/usr/lib/oracle/12.1/client64/lib/log] []
Wed Jan 29 07:52:24 2020
Directory does not exist for read/write [/usr/lib/oracle/12.1/client64/lib/log] []
Wed Jan 29 08:09:11 2020
Directory does not exist for read/write [/usr/lib/oracle/12.1/client64/lib/log] []
Wed Jan 29 08:24:19 2020
Directory does not exist for read/write [/usr/lib/oracle/12.1/client64/lib/log] []
Wed Jan 29 08:57:51 2020
Directory does not exist for read/write [/usr/lib/oracle/12.1/client64/lib/log] []
Wed Jan 29 09:33:26 2020
Directory does not exist for read/write [/usr/lib/oracle/12.1/client64/lib/log] []
Wed Jan 29 10:28:52 2020
Directory does not exist for read/write [/usr/lib/oracle/12.1/client64/lib/log] []
Wed Jan 29 10:28:52 2020
Directory does not exist for read/write [/usr/lib/oracle/12.1/client64/lib/log] []
Wed Jan 29 10:30:41 2020
Directory does not exist for read/write [/usr/lib/oracle/12.1/client64/lib/log] []
Wed Jan 29 10:40:36 2020
Directory does not exist for read/write [/usr/lib/oracle/12.1/client64/lib/log] []
Wed Jan 29 11:24:39 2020
Directory does not exist for read/write [/usr/lib/oracle/12.1/client64/lib/log] []
Wed Jan 29 11:27:37 2020
Directory does not exist for read/write [/usr/lib/oracle/12.1/client64/lib/log] []
Wed Jan 29 11:35:46 2020
Directory does not exist for read/write [/usr/lib/oracle/12.1/client64/lib/log] []
Wed Jan 29 11:47:12 2020
Directory does not exist for read/write [/usr/lib/oracle/12.1/client64/lib/log] []
Wed Jan 29 11:49:55 2020
Directory does not exist for read/write [/usr/lib/oracle/12.1/client64/lib/log] []
Wed Jan 29 12:07:42 2020
Directory does not exist for read/write [/usr/lib/oracle/12.1/client64/lib/log] []
Wed Jan 29 12:21:13 2020
Directory does not exist for read/write [/usr/lib/oracle/12.1/client64/lib/log] []
Wed Jan 29 12:24:35 2020
Directory does not exist for read/write [/usr/lib/oracle/12.1/client64/lib/log] []
Wed Jan 29 12:48:59 2020
Directory does not exist for read/write [/usr/lib/oracle/12.1/client64/lib/log] []
Wed Jan 29 13:12:05 2020
Directory does not exist for read/write [/usr/lib/oracle/12.1/client64/lib/log] []
Wed Jan 29 14:06:44 2020
Directory does not exist for read/write [/usr/lib/oracle/12.1/client64/lib/log] []
Wed Jan 29 14:19:05 2020
Directory does not exist for read/write [/usr/lib/oracle/12.1/client64/lib/log] []
Wed Jan 29 14:36:19 2020
Directory does not exist for read/write [/usr/lib/oracle/12.1/client64/lib/log] []
Wed Jan 29 14:50:11 2020
Directory does not exist for read/write [/usr/lib/oracle/12.1/client64/lib/log] []
Wed Jan 29 15:07:26 2020
Directory does not exist for read/write [/usr/lib/oracle/12.1/client64/lib/log] []
Wed Jan 29 15:15:45 2020
Directory does not exist for read/write [/usr/lib/oracle/12.1/client64/lib/log] []
Wed Jan 29 15:41:50 2020
Directory does not exist for read/write [/usr/lib/oracle/12.1/client64/lib/log] []
Wed Jan 29 16:20:01 2020
Directory does not exist for read/write [/usr/lib/oracle/12.1/client64/lib/log] []
Wed Jan 29 16:33:14 2020
Directory does not exist for read/write [/usr/lib/oracle/12.1/client64/lib/log] []
Wed Jan 29 16:44:44 2020
Directory does not exist for read/write [/usr/lib/oracle/12.1/client64/lib/log] []
Wed Jan 29 17:09:21 2020
Directory does not exist for read/write [/usr/lib/oracle/12.1/client64/lib/log] []
Wed Jan 29 17:24:38 2020
Directory does not exist for read/write [/usr/lib/oracle/12.1/client64/lib/log] []
Wed Jan 29 17:41:18 2020
Directory does not exist for read/write [/usr/lib/oracle/12.1/client64/lib/log] []
Wed Jan 29 17:46:20 2020
Directory does not exist for read/write [/usr/lib/oracle/12.1/client64/lib/log] []
Wed Jan 29 17:50:30 2020
Directory does not exist for read/write [/usr/lib/oracle/12.1/client64/lib/log] []
Wed Jan 29 17:54:55 2020
Directory does not exist for read/write [/usr/lib/oracle/12.1/client64/lib/log] []
Wed Jan 29 19:08:31 2020
Directory does not exist for read/write [/usr/lib/oracle/12.1/client64/lib/log] []
Wed Jan 29 19:44:10 2020
Directory does not exist for read/write [/usr/lib/oracle/12.1/client64/lib/log] []
Wed Jan 29 19:45:03 2020
Directory does not exist for read/write [/usr/lib/oracle/12.1/client64/lib/log] []
Wed Jan 29 19:46:09 2020
Directory does not exist for read/write [/usr/lib/oracle/12.1/client64/lib/log] []
Wed Jan 29 19:54:55 2020
Directory does not exist for read/write [/usr/lib/oracle/12.1/client64/lib/log] []
Wed Jan 29 20:01:24 2020
Directory does not exist for read/write [/usr/lib/oracle/12.1/client64/lib/log] []
Wed Jan 29 20:16:40 2020
Directory does not exist for read/write [/usr/lib/oracle/12.1/client64/lib/log] []
Wed Jan 29 20:59:50 2020
Directory does not exist for read/write [/usr/lib/oracle/12.1/client64/lib/log] []
Wed Jan 29 21:00:43 2020
Directory does not exist for read/write [/usr/lib/oracle/12.1/client64/lib/log] []
Wed Jan 29 21:02:09 2020
Directory does not exist for read/write [/usr/lib/oracle/12.1/client64/lib/log] []
Wed Jan 29 21:03:32 2020
Directory does not exist for read/write [/usr/lib/oracle/12.1/client64/lib/log] []
Wed Jan 29 21:05:04 2020
Directory does not exist for read/write [/usr/lib/oracle/12.1/client64/lib/log] []
Wed Jan 29 21:07:07 2020
Directory does not exist for read/write [/usr/lib/oracle/12.1/client64/lib/log] []
Wed Jan 29 21:44:17 2020
Directory does not exist for read/write [/usr/lib/oracle/12.1/client64/lib/log] []
Wed Jan 29 21:51:14 2020
Directory does not exist for read/write [/usr/lib/oracle/12.1/client64/lib/log] []
Wed Jan 29 21:53:38 2020
Directory does not exist for read/write [/usr/lib/oracle/12.1/client64/lib/log] []
Wed Jan 29 22:11:11 2020
Directory does not exist for read/write [/usr/lib/oracle/12.1/client64/lib/log] []
Wed Jan 29 22:34:50 2020
Directory does not exist for read/write [/usr/lib/oracle/12.1/client64/lib/log] []
Wed Jan 29 22:37:37 2020
Directory does not exist for read/write [/usr/lib/oracle/12.1/client64/lib/log] []
Wed Jan 29 22:47:48 2020
Directory does not exist for read/write [/usr/lib/oracle/12.1/client64/lib/log] []
Wed Jan 29 23:02:48 2020
Directory does not exist for read/write [/usr/lib/oracle/12.1/client64/lib/log] []
Wed Jan 29 23:22:49 2020
Directory does not exist for read/write [/usr/lib/oracle/12.1/client64/lib/log] []
Wed Jan 29 23:39:21 2020
Directory does not exist for read/write [/usr/lib/oracle/12.1/client64/lib/log] []
Thu Jan 30 01:00:36 2020
Directory does not exist for read/write [/usr/lib/oracle/12.1/client64/lib/log] []
Thu Jan 30 01:12:47 2020
Directory does not exist for read/write [/usr/lib/oracle/12.1/client64/lib/log] []
Thu Jan 30 02:46:29 2020
Directory does not exist for read/write [/usr/lib/oracle/12.1/client64/lib/log] []
Thu Jan 30 02:59:53 2020
Directory does not exist for read/write [/usr/lib/oracle/12.1/client64/lib/log] []
Thu Jan 30 03:02:13 2020
Directory does not exist for read/write [/usr/lib/oracle/12.1/client64/lib/log] []
Thu Jan 30 03:03:22 2020
Directory does not exist for read/write [/usr/lib/oracle/12.1/client64/lib/log] []
Thu Jan 30 04:15:25 2020
Directory does not exist for read/write [/usr/lib/oracle/12.1/client64/lib/log] []
Thu Jan 30 05:22:28 2020
Directory does not exist for read/write [/usr/lib/oracle/12.1/client64/lib/log] []
Thu Jan 30 06:12:42 2020
Directory does not exist for read/write [/usr/lib/oracle/12.1/client64/lib/log] []
Thu Jan 30 06:21:24 2020
Directory does not exist for read/write [/usr/lib/oracle/12.1/client64/lib/log] []
Thu Jan 30 06:28:35 2020
Directory does not exist for read/write [/usr/lib/oracle/12.1/client64/lib/log] []
Thu Jan 30 07:04:32 2020
Directory does not exist for read/write [/usr/lib/oracle/12.1/client64/lib/log] []
Thu Jan 30 07:08:50 2020
Directory does not exist for read/write [/usr/lib/oracle/12.1/client64/lib/log] []
Thu Jan 30 07:15:55 2020
Directory does not exist for read/write [/usr/lib/oracle/12.1/client64/lib/log] []
Thu Jan 30 07:15:55 2020
Directory does not exist for read/write [/usr/lib/oracle/12.1/client64/lib/log] []
Thu Jan 30 07:36:16 2020
Directory does not exist for read/write [/usr/lib/oracle/12.1/client64/lib/log] []
Thu Jan 30 10:50:05 2020
Directory does not exist for read/write [/usr/lib/oracle/12.1/client64/lib/log] []
Thu Jan 30 11:09:55 2020
Directory does not exist for read/write [/usr/lib/oracle/12.1/client64/lib/log] []
Thu Jan 30 11:28:21 2020
Directory does not exist for read/write [/usr/lib/oracle/12.1/client64/lib/log] []
Thu Jan 30 11:36:03 2020
Directory does not exist for read/write [/usr/lib/oracle/12.1/client64/lib/log] []
Thu Jan 30 11:59:34 2020
Directory does not exist for read/write [/usr/lib/oracle/12.1/client64/lib/log] []
Thu Jan 30 12:04:44 2020
Directory does not exist for read/write [/usr/lib/oracle/12.1/client64/lib/log] []
Thu Jan 30 12:10:29 2020
Directory does not exist for read/write [/usr/lib/oracle/12.1/client64/lib/log] []
Thu Jan 30 12:29:23 2020
Directory does not exist for read/write [/usr/lib/oracle/12.1/client64/lib/log] []
Thu Jan 30 12:59:43 2020
Directory does not exist for read/write [/usr/lib/oracle/12.1/client64/lib/log] []
Thu Jan 30 13:18:48 2020
Directory does not exist for read/write [/usr/lib/oracle/12.1/client64/lib/log] []
Thu Jan 30 13:28:30 2020
Directory does not exist for read/write [/usr/lib/oracle/12.1/client64/lib/log] []
Thu Jan 30 13:29:33 2020
Directory does not exist for read/write [/usr/lib/oracle/12.1/client64/lib/log] []
Thu Jan 30 13:34:21 2020
Directory does not exist for read/write [/usr/lib/oracle/12.1/client64/lib/log] []
Thu Jan 30 14:07:58 2020
Directory does not exist for read/write [/usr/lib/oracle/12.1/client64/lib/log] []
Thu Jan 30 14:11:02 2020
Directory does not exist for read/write [/usr/lib/oracle/12.1/client64/lib/log] []
Thu Jan 30 14:48:10 2020
Directory does not exist for read/write [/usr/lib/oracle/12.1/client64/lib/log] []
Thu Jan 30 14:53:19 2020
Directory does not exist for read/write [/usr/lib/oracle/12.1/client64/lib/log] []
Thu Jan 30 15:00:50 2020
Directory does not exist for read/write [/usr/lib/oracle/12.1/client64/lib/log] []
Thu Jan 30 15:26:55 2020
Directory does not exist for read/write [/usr/lib/oracle/12.1/client64/lib/log] []
Thu Jan 30 15:33:26 2020
Directory does not exist for read/write [/usr/lib/oracle/12.1/client64/lib/log] []
Thu Jan 30 15:35:02 2020
Directory does not exist for read/write [/usr/lib/oracle/12.1/client64/lib/log] []
Thu Jan 30 15:36:29 2020
Directory does not exist for read/write [/usr/lib/oracle/12.1/client64/lib/log] []
Thu Jan 30 15:58:53 2020
Directory does not exist for read/write [/usr/lib/oracle/12.1/client64/lib/log] []
Thu Jan 30 16:26:03 2020
Directory does not exist for read/write [/usr/lib/oracle/12.1/client64/lib/log] []
Thu Jan 30 16:37:58 2020
Directory does not exist for read/write [/usr/lib/oracle/12.1/client64/lib/log] []
Thu Jan 30 16:56:28 2020
Directory does not exist for read/write [/usr/lib/oracle/12.1/client64/lib/log] []
Thu Jan 30 17:05:33 2020
Directory does not exist for read/write [/usr/lib/oracle/12.1/client64/lib/log] []
Thu Jan 30 17:11:38 2020
Directory does not exist for read/write [/usr/lib/oracle/12.1/client64/lib/log] []
Thu Jan 30 17:27:59 2020
Directory does not exist for read/write [/usr/lib/oracle/12.1/client64/lib/log] []
Thu Jan 30 17:56:59 2020
Directory does not exist for read/write [/usr/lib/oracle/12.1/client64/lib/log] []
Thu Jan 30 18:11:47 2020
Directory does not exist for read/write [/usr/lib/oracle/12.1/client64/lib/log] []
Thu Jan 30 18:23:04 2020
Directory does not exist for read/write [/usr/lib/oracle/12.1/client64/lib/log] []
Thu Jan 30 18:24:43 2020
Directory does not exist for read/write [/usr/lib/oracle/12.1/client64/lib/log] []
Thu Jan 30 18:37:32 2020
Directory does not exist for read/write [/usr/lib/oracle/12.1/client64/lib/log] []
Thu Jan 30 18:53:46 2020
Directory does not exist for read/write [/usr/lib/oracle/12.1/client64/lib/log] []
Thu Jan 30 19:11:49 2020
Directory does not exist for read/write [/usr/lib/oracle/12.1/client64/lib/log] []
Thu Jan 30 19:25:28 2020
Directory does not exist for read/write [/usr/lib/oracle/12.1/client64/lib/log] []
Thu Jan 30 19:33:17 2020
Directory does not exist for read/write [/usr/lib/oracle/12.1/client64/lib/log] []
Thu Jan 30 19:35:50 2020
Directory does not exist for read/write [/usr/lib/oracle/12.1/client64/lib/log] []
Thu Jan 30 19:36:23 2020
Directory does not exist for read/write [/usr/lib/oracle/12.1/client64/lib/log] []
Thu Jan 30 19:36:23 2020
Directory does not exist for read/write [/usr/lib/oracle/12.1/client64/lib/log] []
Thu Jan 30 19:37:28 2020
Directory does not exist for read/write [/usr/lib/oracle/12.1/client64/lib/log] []
Thu Jan 30 19:43:43 2020
Directory does not exist for read/write [/usr/lib/oracle/12.1/client64/lib/log] []
Thu Jan 30 20:06:27 2020
Directory does not exist for read/write [/usr/lib/oracle/12.1/client64/lib/log] []
Thu Jan 30 20:14:11 2020
Directory does not exist for read/write [/usr/lib/oracle/12.1/client64/lib/log] []
Thu Jan 30 20:52:54 2020
Directory does not exist for read/write [/usr/lib/oracle/12.1/client64/lib/log] []
Thu Jan 30 21:02:44 2020
Directory does not exist for read/write [/usr/lib/oracle/12.1/client64/lib/log] []
Thu Jan 30 21:08:50 2020
Directory does not exist for read/write [/usr/lib/oracle/12.1/client64/lib/log] []
Thu Jan 30 21:15:59 2020
Directory does not exist for read/write [/usr/lib/oracle/12.1/client64/lib/log] []
Thu Jan 30 21:36:20 2020
Directory does not exist for read/write [/usr/lib/oracle/12.1/client64/lib/log] []
Thu Jan 30 22:11:46 2020
Directory does not exist for read/write [/usr/lib/oracle/12.1/client64/lib/log] []
Thu Jan 30 22:18:19 2020
Directory does not exist for read/write [/usr/lib/oracle/12.1/client64/lib/log] []
Thu Jan 30 22:25:40 2020
Directory does not exist for read/write [/usr/lib/oracle/12.1/client64/lib/log] []
Thu Jan 30 22:29:20 2020
Directory does not exist for read/write [/usr/lib/oracle/12.1/client64/lib/log] []
Thu Jan 30 22:46:41 2020
Directory does not exist for read/write [/usr/lib/oracle/12.1/client64/lib/log] []
Thu Jan 30 22:49:14 2020
Directory does not exist for read/write [/usr/lib/oracle/12.1/client64/lib/log] []
Thu Jan 30 23:03:41 2020
Directory does not exist for read/write [/usr/lib/oracle/12.1/client64/lib/log] []
Thu Jan 30 23:43:20 2020
Directory does not exist for read/write [/usr/lib/oracle/12.1/client64/lib/log] []
Fri Jan 31 00:08:56 2020
Directory does not exist for read/write [/usr/lib/oracle/12.1/client64/lib/log] []
Fri Jan 31 00:29:07 2020
Directory does not exist for read/write [/usr/lib/oracle/12.1/client64/lib/log] []
Fri Jan 31 01:00:36 2020
Directory does not exist for read/write [/usr/lib/oracle/12.1/client64/lib/log] []
Fri Jan 31 01:09:33 2020
Directory does not exist for read/write [/usr/lib/oracle/12.1/client64/lib/log] []
Fri Jan 31 01:56:30 2020
Directory does not exist for read/write [/usr/lib/oracle/12.1/client64/lib/log] []
Fri Jan 31 02:07:43 2020
Directory does not exist for read/write [/usr/lib/oracle/12.1/client64/lib/log] []
Fri Jan 31 02:19:42 2020
Directory does not exist for read/write [/usr/lib/oracle/12.1/client64/lib/log] []
Fri Jan 31 03:10:15 2020
Directory does not exist for read/write [/usr/lib/oracle/12.1/client64/lib/log] []
Fri Jan 31 04:26:11 2020
Directory does not exist for read/write [/usr/lib/oracle/12.1/client64/lib/log] []
Fri Jan 31 04:53:48 2020
Directory does not exist for read/write [/usr/lib/oracle/12.1/client64/lib/log] []
Fri Jan 31 05:21:22 2020
Directory does not exist for read/write [/usr/lib/oracle/12.1/client64/lib/log] []
Fri Jan 31 05:51:40 2020
Directory does not exist for read/write [/usr/lib/oracle/12.1/client64/lib/log] []
Fri Jan 31 05:54:20 2020
Directory does not exist for read/write [/usr/lib/oracle/12.1/client64/lib/log] []
Fri Jan 31 06:21:50 2020
Directory does not exist for read/write [/usr/lib/oracle/12.1/client64/lib/log] []
Fri Jan 31 06:22:47 2020
Directory does not exist for read/write [/usr/lib/oracle/12.1/client64/lib/log] []
Fri Jan 31 07:10:54 2020
Directory does not exist for read/write [/usr/lib/oracle/12.1/client64/lib/log] []
Fri Jan 31 07:30:31 2020
Directory does not exist for read/write [/usr/lib/oracle/12.1/client64/lib/log] []
Fri Jan 31 07:39:34 2020
Directory does not exist for read/write [/usr/lib/oracle/12.1/client64/lib/log] []
Fri Jan 31 07:43:33 2020
Directory does not exist for read/write [/usr/lib/oracle/12.1/client64/lib/log] []
Fri Jan 31 07:54:56 2020
Directory does not exist for read/write [/usr/lib/oracle/12.1/client64/lib/log] []
Fri Jan 31 09:02:56 2020
Directory does not exist for read/write [/usr/lib/oracle/12.1/client64/lib/log] []
Fri Jan 31 09:04:12 2020
Directory does not exist for read/write [/usr/lib/oracle/12.1/client64/lib/log] []
Fri Jan 31 09:06:05 2020
Directory does not exist for read/write [/usr/lib/oracle/12.1/client64/lib/log] []
Fri Jan 31 09:18:24 2020
Directory does not exist for read/write [/usr/lib/oracle/12.1/client64/lib/log] []
Fri Jan 31 10:00:27 2020
Directory does not exist for read/write [/usr/lib/oracle/12.1/client64/lib/log] []
Fri Jan 31 10:05:12 2020
Directory does not exist for read/write [/usr/lib/oracle/12.1/client64/lib/log] []
Fri Jan 31 10:06:52 2020
Directory does not exist for read/write [/usr/lib/oracle/12.1/client64/lib/log] []
Fri Jan 31 10:34:13 2020
Directory does not exist for read/write [/usr/lib/oracle/12.1/client64/lib/log] []
Fri Jan 31 10:45:41 2020
Directory does not exist for read/write [/usr/lib/oracle/12.1/client64/lib/log] []
Fri Jan 31 10:59:18 2020
Directory does not exist for read/write [/usr/lib/oracle/12.1/client64/lib/log] []
Fri Jan 31 11:01:00 2020
Directory does not exist for read/write [/usr/lib/oracle/12.1/client64/lib/log] []
Fri Jan 31 11:08:55 2020
Directory does not exist for read/write [/usr/lib/oracle/12.1/client64/lib/log] []
Fri Jan 31 11:24:10 2020
Directory does not exist for read/write [/usr/lib/oracle/12.1/client64/lib/log] []
Fri Jan 31 11:51:12 2020
Directory does not exist for read/write [/usr/lib/oracle/12.1/client64/lib/log] []
Fri Jan 31 11:51:12 2020
Directory does not exist for read/write [/usr/lib/oracle/12.1/client64/lib/log] []
Fri Jan 31 11:55:37 2020
Directory does not exist for read/write [/usr/lib/oracle/12.1/client64/lib/log] []
Fri Jan 31 12:25:13 2020
Directory does not exist for read/write [/usr/lib/oracle/12.1/client64/lib/log] []
Fri Jan 31 12:33:41 2020
Directory does not exist for read/write [/usr/lib/oracle/12.1/client64/lib/log] []
Fri Jan 31 13:01:44 2020
Directory does not exist for read/write [/usr/lib/oracle/12.1/client64/lib/log] []
Fri Jan 31 13:05:53 2020
Directory does not exist for read/write [/usr/lib/oracle/12.1/client64/lib/log] []
Fri Jan 31 13:45:12 2020
Directory does not exist for read/write [/usr/lib/oracle/12.1/client64/lib/log] []
Fri Jan 31 14:05:53 2020
Directory does not exist for read/write [/usr/lib/oracle/12.1/client64/lib/log] []
Fri Jan 31 14:10:57 2020
Directory does not exist for read/write [/usr/lib/oracle/12.1/client64/lib/log] []
Fri Jan 31 14:29:32 2020
Directory does not exist for read/write [/usr/lib/oracle/12.1/client64/lib/log] []
Fri Jan 31 14:29:32 2020
Directory does not exist for read/write [/usr/lib/oracle/12.1/client64/lib/log] []
Fri Jan 31 14:52:26 2020
Directory does not exist for read/write [/usr/lib/oracle/12.1/client64/lib/log] []
Fri Jan 31 15:11:29 2020
Directory does not exist for read/write [/usr/lib/oracle/12.1/client64/lib/log] []
Fri Jan 31 15:51:22 2020
Directory does not exist for read/write [/usr/lib/oracle/12.1/client64/lib/log] []
Fri Jan 31 15:53:05 2020
Directory does not exist for read/write [/usr/lib/oracle/12.1/client64/lib/log] []
Fri Jan 31 16:37:19 2020
Directory does not exist for read/write [/usr/lib/oracle/12.1/client64/lib/log] []
Fri Jan 31 17:02:26 2020
Directory does not exist for read/write [/usr/lib/oracle/12.1/client64/lib/log] []
Fri Jan 31 17:53:51 2020
Directory does not exist for read/write [/usr/lib/oracle/12.1/client64/lib/log] []
Fri Jan 31 17:58:16 2020
Directory does not exist for read/write [/usr/lib/oracle/12.1/client64/lib/log] []
Fri Jan 31 18:36:20 2020
Directory does not exist for read/write [/usr/lib/oracle/12.1/client64/lib/log] []
Fri Jan 31 18:56:02 2020
Directory does not exist for read/write [/usr/lib/oracle/12.1/client64/lib/log] []
Fri Jan 31 19:07:59 2020
Directory does not exist for read/write [/usr/lib/oracle/12.1/client64/lib/log] []
Fri Jan 31 19:50:30 2020
Directory does not exist for read/write [/usr/lib/oracle/12.1/client64/lib/log] []
Fri Jan 31 20:05:31 2020
Directory does not exist for read/write [/usr/lib/oracle/12.1/client64/lib/log] []
Fri Jan 31 20:34:08 2020
Directory does not exist for read/write [/usr/lib/oracle/12.1/client64/lib/log] []
Fri Jan 31 20:40:56 2020
Directory does not exist for read/write [/usr/lib/oracle/12.1/client64/lib/log] []
Fri Jan 31 20:50:27 2020
Directory does not exist for read/write [/usr/lib/oracle/12.1/client64/lib/log] []
Fri Jan 31 20:51:13 2020
Directory does not exist for read/write [/usr/lib/oracle/12.1/client64/lib/log] []
Fri Jan 31 21:06:18 2020
Directory does not exist for read/write [/usr/lib/oracle/12.1/client64/lib/log] []
Fri Jan 31 21:07:17 2020
Directory does not exist for read/write [/usr/lib/oracle/12.1/client64/lib/log] []
Fri Jan 31 21:13:06 2020
Directory does not exist for read/write [/usr/lib/oracle/12.1/client64/lib/log] []
Fri Jan 31 21:21:38 2020
Directory does not exist for read/write [/usr/lib/oracle/12.1/client64/lib/log] []
Fri Jan 31 21:54:31 2020
Directory does not exist for read/write [/usr/lib/oracle/12.1/client64/lib/log] []
Fri Jan 31 22:11:25 2020
Directory does not exist for read/write [/usr/lib/oracle/12.1/client64/lib/log] []
Fri Jan 31 22:23:26 2020
Directory does not exist for read/write [/usr/lib/oracle/12.1/client64/lib/log] []
Fri Jan 31 22:27:03 2020
Directory does not exist for read/write [/usr/lib/oracle/12.1/client64/lib/log] []
Fri Jan 31 22:49:57 2020
Directory does not exist for read/write [/usr/lib/oracle/12.1/client64/lib/log] []
Fri Jan 31 22:51:56 2020
Directory does not exist for read/write [/usr/lib/oracle/12.1/client64/lib/log] []
Fri Jan 31 23:06:58 2020
Directory does not exist for read/write [/usr/lib/oracle/12.1/client64/lib/log] []
Fri Jan 31 23:10:25 2020
Directory does not exist for read/write [/usr/lib/oracle/12.1/client64/lib/log] []
Fri Jan 31 23:31:32 2020
Directory does not exist for read/write [/usr/lib/oracle/12.1/client64/lib/log] []
Fri Jan 31 23:44:30 2020
Directory does not exist for read/write [/usr/lib/oracle/12.1/client64/lib/log] []
Fri Jan 31 23:55:23 2020
Directory does not exist for read/write [/usr/lib/oracle/12.1/client64/lib/log] []
Fri Jan 31 23:55:24 2020
Directory does not exist for read/write [/usr/lib/oracle/12.1/client64/lib/log] []
Sat Feb 01 00:01:43 2020
Directory does not exist for read/write [/usr/lib/oracle/12.1/client64/lib/log] []
Sat Feb 01 00:44:20 2020
Directory does not exist for read/write [/usr/lib/oracle/12.1/client64/lib/log] []
Sat Feb 01 01:01:25 2020
Directory does not exist for read/write [/usr/lib/oracle/12.1/client64/lib/log] []
Sat Feb 01 01:02:20 2020
Directory does not exist for read/write [/usr/lib/oracle/12.1/client64/lib/log] []
Sat Feb 01 01:45:00 2020
Directory does not exist for read/write [/usr/lib/oracle/12.1/client64/lib/log] []
Sat Feb 01 02:03:00 2020
Directory does not exist for read/write [/usr/lib/oracle/12.1/client64/lib/log] []
Sat Feb 01 02:05:36 2020
Directory does not exist for read/write [/usr/lib/oracle/12.1/client64/lib/log] []
Sat Feb 01 02:52:39 2020
Directory does not exist for read/write [/usr/lib/oracle/12.1/client64/lib/log] []
Sat Feb 01 03:07:41 2020
Directory does not exist for read/write [/usr/lib/oracle/12.1/client64/lib/log] []
Sat Feb 01 03:45:37 2020
Directory does not exist for read/write [/usr/lib/oracle/12.1/client64/lib/log] []
Sat Feb 01 04:03:47 2020
Directory does not exist for read/write [/usr/lib/oracle/12.1/client64/lib/log] []
Sat Feb 01 04:31:37 2020
Directory does not exist for read/write [/usr/lib/oracle/12.1/client64/lib/log] []
Sat Feb 01 05:08:55 2020
Directory does not exist for read/write [/usr/lib/oracle/12.1/client64/lib/log] []
Sat Feb 01 05:21:36 2020
Directory does not exist for read/write [/usr/lib/oracle/12.1/client64/lib/log] []
Sat Feb 01 05:27:12 2020
Directory does not exist for read/write [/usr/lib/oracle/12.1/client64/lib/log] []
Sat Feb 01 05:58:19 2020
Directory does not exist for read/write [/usr/lib/oracle/12.1/client64/lib/log] []
Sat Feb 01 06:05:51 2020
Directory does not exist for read/write [/usr/lib/oracle/12.1/client64/lib/log] []
Sat Feb 01 06:15:32 2020
Directory does not exist for read/write [/usr/lib/oracle/12.1/client64/lib/log] []
Sat Feb 01 06:24:02 2020
Directory does not exist for read/write [/usr/lib/oracle/12.1/client64/lib/log] []
Sat Feb 01 06:34:25 2020
Directory does not exist for read/write [/usr/lib/oracle/12.1/client64/lib/log] []
Sat Feb 01 07:06:23 2020
Directory does not exist for read/write [/usr/lib/oracle/12.1/client64/lib/log] []
Sat Feb 01 07:37:38 2020
Directory does not exist for read/write [/usr/lib/oracle/12.1/client64/lib/log] []
Sat Feb 01 07:41:26 2020
Directory does not exist for read/write [/usr/lib/oracle/12.1/client64/lib/log] []
Sat Feb 01 07:46:18 2020
Directory does not exist for read/write [/usr/lib/oracle/12.1/client64/lib/log] []
Sat Feb 01 08:04:22 2020
Directory does not exist for read/write [/usr/lib/oracle/12.1/client64/lib/log] []
Sat Feb 01 08:12:33 2020
Directory does not exist for read/write [/usr/lib/oracle/12.1/client64/lib/log] []
Sat Feb 01 08:38:24 2020
Directory does not exist for read/write [/usr/lib/oracle/12.1/client64/lib/log] []
Sat Feb 01 08:52:48 2020
Directory does not exist for read/write [/usr/lib/oracle/12.1/client64/lib/log] []
Sat Feb 01 09:02:42 2020
Directory does not exist for read/write [/usr/lib/oracle/12.1/client64/lib/log] []
Sat Feb 01 09:06:56 2020
Directory does not exist for read/write [/usr/lib/oracle/12.1/client64/lib/log] []
Sat Feb 01 09:48:45 2020
Directory does not exist for read/write [/usr/lib/oracle/12.1/client64/lib/log] []
Sat Feb 01 10:31:30 2020
Directory does not exist for read/write [/usr/lib/oracle/12.1/client64/lib/log] []
Sat Feb 01 10:56:33 2020
Directory does not exist for read/write [/usr/lib/oracle/12.1/client64/lib/log] []
Sat Feb 01 10:57:30 2020
Directory does not exist for read/write [/usr/lib/oracle/12.1/client64/lib/log] []
Sat Feb 01 11:13:17 2020
Directory does not exist for read/write [/usr/lib/oracle/12.1/client64/lib/log] []
Sat Feb 01 11:57:17 2020
Directory does not exist for read/write [/usr/lib/oracle/12.1/client64/lib/log] []
Sat Feb 01 12:24:27 2020
Directory does not exist for read/write [/usr/lib/oracle/12.1/client64/lib/log] []
Sat Feb 01 12:24:27 2020
Directory does not exist for read/write [/usr/lib/oracle/12.1/client64/lib/log] []
Sat Feb 01 12:37:21 2020
Directory does not exist for read/write [/usr/lib/oracle/12.1/client64/lib/log] []
Sat Feb 01 12:45:26 2020
Directory does not exist for read/write [/usr/lib/oracle/12.1/client64/lib/log] []
Sat Feb 01 13:04:25 2020
Directory does not exist for read/write [/usr/lib/oracle/12.1/client64/lib/log] []
Sat Feb 01 13:07:36 2020
Directory does not exist for read/write [/usr/lib/oracle/12.1/client64/lib/log] []
Sat Feb 01 13:37:09 2020
Directory does not exist for read/write [/usr/lib/oracle/12.1/client64/lib/log] []
Sat Feb 01 13:44:02 2020
Directory does not exist for read/write [/usr/lib/oracle/12.1/client64/lib/log] []
Sat Feb 01 13:56:08 2020
Directory does not exist for read/write [/usr/lib/oracle/12.1/client64/lib/log] []
Sat Feb 01 13:58:00 2020
Directory does not exist for read/write [/usr/lib/oracle/12.1/client64/lib/log] []
